<?xml version="1.0" encoding="UTF-8"?>
<coverage generated="1684820203115" clover="3.2.0">
  <project timestamp="1684820203115" name="All files">
    <metrics statements="4" coveredstatements="2" conditionals="0" coveredconditionals="0" methods="3" coveredmethods="1" elements="7" coveredelements="3" complexity="0" loc="4" ncloc="4" packages="1" files="1" classes="1"/>
    <file name="classNames.ts" path="C:\1Media\Web Development\Ulbi Продвинутый react\project\src\shared\lib\classNames\classNames.ts">
      <metrics statements="4" coveredstatements="2" conditionals="0" coveredconditionals="0" methods="3" coveredmethods="1"/>
      <line num="3" count="1" type="stmt"/>
      <line num="8" count="1" type="stmt"/>
      <line num="11" count="0" type="stmt"/>
      <line num="12" count="0" type="stmt"/>
    </file>
  </project>
</coverage>
